[2023-05-30T15:37:50.090922+00:00] APP_LOG.INFO: New client connected: (108) [] []
[2023-05-30T15:38:05.304279+00:00] APP_LOG.INFO: New client connected: (112) [] []
[2023-05-30T15:38:13.703994+00:00] APP_LOG.INFO: Cliente desconectado: (112) [] []
[2023-05-30T15:38:14.314650+00:00] APP_LOG.INFO: New client connected: (117) [] []
[2023-05-30T15:39:48.505361+00:00] APP_LOG.INFO: Cliente desconectado: (117) [] []
[2023-05-30T15:39:48.738014+00:00] APP_LOG.INFO: New client connected: (122) [] []
[2023-05-30T15:40:34.726898+00:00] APP_LOG.INFO: Cliente desconectado: (122) [] []
[2023-05-30T15:40:34.956342+00:00] APP_LOG.INFO: New client connected: (127) [] []
[2023-05-30T15:41:55.162152+00:00] APP_LOG.INFO: Cliente desconectado: (127) [] []
[2023-05-30T15:41:55.416707+00:00] APP_LOG.INFO: New client connected: (132) [] []
[2023-05-30T15:44:04.194061+00:00] APP_LOG.INFO: Cliente desconectado: (132) [] []
[2023-05-30T15:44:04.394474+00:00] APP_LOG.INFO: New client connected: (137) [] []
[2023-05-30T15:46:18.422576+00:00] APP_LOG.INFO: Cliente desconectado: (137) [] []
[2023-05-30T15:46:18.696164+00:00] APP_LOG.INFO: New client connected: (142) [] []
[2023-05-30T15:50:12.840461+00:00] APP_LOG.INFO: Cliente desconectado: (142) [] []
[2023-05-30T15:50:13.057928+00:00] APP_LOG.INFO: New client connected: (147) [] []
[2023-05-30T15:51:14.162589+00:00] APP_LOG.INFO: Cliente desconectado: (147) [] []
[2023-05-30T15:51:14.405920+00:00] APP_LOG.INFO: New client connected: (152) [] []
[2023-05-30T15:51:50.722809+00:00] APP_LOG.INFO: Cliente desconectado: (152) [] []
[2023-05-30T15:51:50.989487+00:00] APP_LOG.INFO: New client connected: (157) [] []
[2023-05-30T15:51:56.557422+00:00] APP_LOG.INFO: Cliente desconectado: (157) [] []
[2023-05-30T15:51:57.002784+00:00] APP_LOG.INFO: New client connected: (162) [] []
[2023-05-30T15:55:31.288448+00:00] APP_LOG.INFO: Server started [] []
[2023-05-30T15:55:36.780100+00:00] APP_LOG.INFO: New client connected: (74) [] []
[2023-05-30T15:55:59.977720+00:00] APP_LOG.INFO: New client connected: (106) [] []
[2023-05-30T15:58:17.577591+00:00] APP_LOG.INFO: Client disconnected: (106) [] []
[2023-05-30T15:58:17.818630+00:00] APP_LOG.INFO: New client connected: (114) [] []
[2023-05-30T16:10:43.053720+00:00] APP_LOG.INFO: Client disconnected: (114) [] []
[2023-05-30T16:10:43.267449+00:00] APP_LOG.INFO: New client connected: (120) [] []
[2023-05-30T16:10:57.093964+00:00] APP_LOG.INFO: Client disconnected: (120) [] []
[2023-05-30T16:10:57.318899+00:00] APP_LOG.INFO: New client connected: (126) [] []
[2023-05-30T16:11:06.290396+00:00] APP_LOG.INFO: Client disconnected: (126) [] []
[2023-05-30T16:11:06.526580+00:00] APP_LOG.INFO: New client connected: (132) [] []
[2023-05-30T16:11:10.159148+00:00] APP_LOG.INFO: Client[132]: AAA [] []
[2023-05-30T16:11:18.269765+00:00] APP_LOG.INFO: Client[132]: AAA [] []
[2023-05-30T16:13:24.946821+00:00] APP_LOG.INFO: Client disconnected: (132) [] []
[2023-05-30T16:13:25.194166+00:00] APP_LOG.INFO: New client connected: (142) [] []
[2023-05-30T16:15:36.736659+00:00] APP_LOG.INFO: Client disconnected: (142) [] []
[2023-05-30T16:19:15.344939+00:00] APP_LOG.INFO: New client connected: (148) [] []
[2023-05-30T16:19:20.051096+00:00] APP_LOG.INFO: Client[148]: AAA [] []
[2023-05-30T16:19:21.090418+00:00] APP_LOG.INFO: Client[148]: AAA [] []
[2023-05-30T16:19:23.490107+00:00] APP_LOG.INFO: Client[148]: AAA [] []
[2023-05-30T16:20:03.633627+00:00] APP_LOG.INFO: Client disconnected: (148) [] []
[2023-05-30T16:20:03.877762+00:00] APP_LOG.INFO: New client connected: (160) [] []
[2023-05-30T16:21:43.831583+00:00] APP_LOG.INFO: Client disconnected: (160) [] []
[2023-05-30T16:21:44.069011+00:00] APP_LOG.INFO: New client connected: (166) [] []
[2023-05-30T16:21:55.372726+00:00] APP_LOG.INFO: Client disconnected: (166) [] []
[2023-05-30T16:21:55.647203+00:00] APP_LOG.INFO: New client connected: (172) [] []
[2023-05-30T16:22:13.408284+00:00] APP_LOG.INFO: Client disconnected: (172) [] []
[2023-05-30T16:22:13.640741+00:00] APP_LOG.INFO: New client connected: (178) [] []
[2023-05-30T16:22:38.407033+00:00] APP_LOG.INFO: Client disconnected: (178) [] []
[2023-05-30T16:22:38.644863+00:00] APP_LOG.INFO: New client connected: (184) [] []
[2023-05-30T16:23:40.760628+00:00] APP_LOG.INFO: Client disconnected: (184) [] []
[2023-05-30T16:23:41.246119+00:00] APP_LOG.INFO: New client connected: (190) [] []
[2023-05-30T16:23:45.765904+00:00] APP_LOG.INFO: Client[190]: AAA [] []
[2023-05-30T16:23:47.457296+00:00] APP_LOG.INFO: Client[190]: AAA [] []
[2023-05-30T16:24:11.511753+00:00] APP_LOG.INFO: Client disconnected: (190) [] []
[2023-05-30T16:24:11.784797+00:00] APP_LOG.INFO: New client connected: (200) [] []
[2023-05-30T16:24:34.261502+00:00] APP_LOG.INFO: Client disconnected: (200) [] []
[2023-05-30T16:24:34.529676+00:00] APP_LOG.INFO: New client connected: (206) [] []
[2023-05-30T16:26:58.084550+00:00] APP_LOG.INFO: Client disconnected: (206) [] []
[2023-05-30T16:26:58.330758+00:00] APP_LOG.INFO: New client connected: (212) [] []
[2023-05-30T16:27:13.347895+00:00] APP_LOG.INFO: Client disconnected: (212) [] []
[2023-05-30T16:27:13.590522+00:00] APP_LOG.INFO: New client connected: (218) [] []
[2023-05-30T16:28:31.607905+00:00] APP_LOG.INFO: Client disconnected: (218) [] []
[2023-05-30T16:28:31.833735+00:00] APP_LOG.INFO: New client connected: (224) [] []
[2023-05-30T16:28:35.411549+00:00] APP_LOG.INFO: Client[224]:  [] []
[2023-05-30T16:28:38.061991+00:00] APP_LOG.INFO: Client[224]:  [] []
[2023-05-30T16:28:42.569348+00:00] APP_LOG.INFO: Client[224]: asdasd [] []
[2023-05-30T16:30:48.155437+00:00] APP_LOG.INFO: Client disconnected: (224) [] []
[2023-05-30T16:30:48.430093+00:00] APP_LOG.INFO: New client connected: (236) [] []
[2023-05-30T16:30:49.615059+00:00] APP_LOG.INFO: Client disconnected: (236) [] []
[2023-05-30T16:30:49.923322+00:00] APP_LOG.INFO: New client connected: (242) [] []
[2023-05-30T16:31:16.044746+00:00] APP_LOG.INFO: Client disconnected: (242) [] []
[2023-05-30T16:31:16.284535+00:00] APP_LOG.INFO: New client connected: (248) [] []
[2023-05-30T16:31:23.939413+00:00] APP_LOG.INFO: Client disconnected: (248) [] []
[2023-05-30T16:31:24.212999+00:00] APP_LOG.INFO: New client connected: (254) [] []
[2023-05-30T16:31:28.400454+00:00] APP_LOG.INFO: Client[254]:  [] []
[2023-05-30T16:31:36.032985+00:00] APP_LOG.INFO: Client[254]:  [] []
[2023-05-30T16:32:53.214427+00:00] APP_LOG.INFO: Client disconnected: (254) [] []
[2023-05-30T16:32:53.476319+00:00] APP_LOG.INFO: New client connected: (264) [] []
[2023-05-30T16:32:57.816143+00:00] APP_LOG.INFO: Client disconnected: (264) [] []
[2023-05-30T16:32:58.084558+00:00] APP_LOG.INFO: New client connected: (270) [] []
[2023-05-30T16:33:02.046535+00:00] APP_LOG.INFO: Client[270]:  [] []
[2023-05-30T16:33:14.110523+00:00] APP_LOG.INFO: Client disconnected: (270) [] []
[2023-05-30T16:33:14.344322+00:00] APP_LOG.INFO: New client connected: (278) [] []
[2023-05-30T16:33:17.575967+00:00] APP_LOG.INFO: Client[278]:  [] []
[2023-05-30T16:33:19.755095+00:00] APP_LOG.INFO: Client[278]:  [] []
[2023-05-30T16:34:26.265102+00:00] APP_LOG.INFO: Client[278]:  [] []
[2023-05-30T16:34:30.317895+00:00] APP_LOG.INFO: Client[278]:  [] []
[2023-05-30T16:34:45.145797+00:00] APP_LOG.INFO: Client disconnected: (278) [] []
[2023-05-30T16:34:45.375639+00:00] APP_LOG.INFO: New client connected: (292) [] []
[2023-05-30T16:34:46.999993+00:00] APP_LOG.INFO: Client[292]:  [] []
[2023-05-30T16:34:51.802805+00:00] APP_LOG.INFO: Client[292]:  [] []
[2023-05-30T16:34:54.450812+00:00] APP_LOG.INFO: Client[292]:  [] []
[2023-05-30T16:36:13.799526+00:00] APP_LOG.INFO: Client disconnected: (292) [] []
[2023-05-30T16:36:14.073198+00:00] APP_LOG.INFO: New client connected: (304) [] []
[2023-05-30T16:36:19.201250+00:00] APP_LOG.INFO: Client[304]: df [] []
[2023-05-30T16:36:26.996414+00:00] APP_LOG.INFO: Client disconnected: (304) [] []
[2023-05-30T16:36:27.288435+00:00] APP_LOG.INFO: New client connected: (312) [] []
[2023-05-30T16:42:27.868856+00:00] APP_LOG.INFO: Client disconnected: (312) [] []
[2023-05-30T16:42:28.130865+00:00] APP_LOG.INFO: New client connected: (318) [] []
[2023-05-30T16:42:44.209693+00:00] APP_LOG.INFO: Client disconnected: (318) [] []
[2023-05-30T16:42:44.441316+00:00] APP_LOG.INFO: New client connected: (324) [] []
[2023-05-30T16:42:46.063254+00:00] APP_LOG.INFO: Client[324]:  [] []
[2023-05-30T16:43:14.471946+00:00] APP_LOG.INFO: Client disconnected: (324) [] []
[2023-05-30T16:43:14.721782+00:00] APP_LOG.INFO: New client connected: (332) [] []
[2023-05-30T16:43:17.192785+00:00] APP_LOG.INFO: Client[332]:  [] []
[2023-05-30T16:43:18.459172+00:00] APP_LOG.INFO: Client[332]:  [] []
[2023-05-30T16:43:47.546134+00:00] APP_LOG.INFO: Client disconnected: (332) [] []
[2023-05-30T16:43:47.785554+00:00] APP_LOG.INFO: New client connected: (342) [] []
[2023-05-30T16:43:55.113984+00:00] APP_LOG.INFO: Client disconnected: (342) [] []
[2023-05-30T16:43:55.360081+00:00] APP_LOG.INFO: New client connected: (348) [] []
[2023-05-30T16:43:57.895173+00:00] APP_LOG.INFO: Client[348]:  [] []
[2023-05-30T16:43:58.745121+00:00] APP_LOG.INFO: Client[348]:  [] []
[2023-05-30T16:44:27.679728+00:00] APP_LOG.INFO: Client disconnected: (348) [] []
[2023-05-30T16:44:27.896713+00:00] APP_LOG.INFO: New client connected: (358) [] []
[2023-05-30T16:44:29.900198+00:00] APP_LOG.INFO: Client[358]:  [] []
[2023-05-30T16:44:30.657626+00:00] APP_LOG.INFO: Client[358]:  [] []
[2023-05-30T16:44:31.502261+00:00] APP_LOG.INFO: Client[358]:  [] []
[2023-05-30T16:45:38.568549+00:00] APP_LOG.INFO: Client disconnected: (358) [] []
[2023-05-30T16:45:38.886818+00:00] APP_LOG.INFO: New client connected: (370) [] []
[2023-05-30T16:45:40.748832+00:00] APP_LOG.INFO: Client[370]:  [] []
[2023-05-30T16:45:43.380896+00:00] APP_LOG.INFO: Client[370]:  [] []
[2023-05-30T16:45:47.373310+00:00] APP_LOG.INFO: Client[370]:  [] []
[2023-05-30T16:46:13.340673+00:00] APP_LOG.INFO: Client disconnected: (370) [] []
[2023-05-30T16:46:13.569383+00:00] APP_LOG.INFO: New client connected: (382) [] []
[2023-05-30T16:46:16.523582+00:00] APP_LOG.INFO: Client disconnected: (382) [] []
[2023-05-30T16:46:16.779963+00:00] APP_LOG.INFO: New client connected: (388) [] []
[2023-05-30T16:47:07.638760+00:00] APP_LOG.INFO: Client disconnected: (388) [] []
[2023-05-30T16:47:07.888381+00:00] APP_LOG.INFO: New client connected: (394) [] []
[2023-05-30T16:47:11.112061+00:00] APP_LOG.INFO: Client[394]:  [] []
[2023-05-30T16:47:31.806504+00:00] APP_LOG.INFO: Client disconnected: (394) [] []
[2023-05-30T16:47:32.030564+00:00] APP_LOG.INFO: New client connected: (402) [] []
[2023-05-30T16:47:34.360366+00:00] APP_LOG.INFO: Client[402]:  [] []
[2023-05-30T16:47:35.494038+00:00] APP_LOG.INFO: Client[402]:  [] []
[2023-05-30T16:49:19.242869+00:00] APP_LOG.INFO: Server started [] []
[2023-05-30T16:49:56.630146+00:00] APP_LOG.INFO: New client connected: (74) [] []
[2023-05-30T16:50:13.246190+00:00] APP_LOG.INFO: Client disconnected: (74) [] []
[2023-05-30T16:50:13.494057+00:00] APP_LOG.INFO: New client connected: (109) [] []
[2023-05-30T16:50:27.306187+00:00] APP_LOG.INFO: Client disconnected: (109) [] []
[2023-05-30T16:50:27.559472+00:00] APP_LOG.INFO: New client connected: (115) [] []
[2023-05-30T16:50:35.078988+00:00] APP_LOG.INFO: Client disconnected: (115) [] []
[2023-05-30T16:50:35.319457+00:00] APP_LOG.INFO: New client connected: (121) [] []
[2023-05-30T16:50:51.669016+00:00] APP_LOG.INFO: Client disconnected: (121) [] []
[2023-05-30T16:50:51.915817+00:00] APP_LOG.INFO: New client connected: (127) [] []
[2023-05-30T16:51:30.831802+00:00] APP_LOG.INFO: Client disconnected: (127) [] []
[2023-05-30T16:51:31.157015+00:00] APP_LOG.INFO: New client connected: (133) [] []
[2023-05-30T16:51:49.904525+00:00] APP_LOG.INFO: Client[133]:  [] []
[2023-05-30T16:51:53.157619+00:00] APP_LOG.INFO: Client[133]:  [] []
[2023-05-30T16:53:16.679079+00:00] APP_LOG.INFO: Server started [] []
[2023-05-30T16:53:21.685055+00:00] APP_LOG.INFO: New client connected: (74) [] []
[2023-05-30T16:53:24.326571+00:00] APP_LOG.INFO: Client[74]:  [] []
[2023-05-30T16:53:28.650446+00:00] APP_LOG.INFO: Client[74]:  [] []
[2023-05-30T16:54:20.999239+00:00] APP_LOG.INFO: Client disconnected: (74) [] []
[2023-05-30T16:54:21.251418+00:00] APP_LOG.INFO: New client connected: (113) [] []
[2023-05-30T16:54:30.266029+00:00] APP_LOG.INFO: Client[113]:  [] []
[2023-05-30T16:55:06.033907+00:00] APP_LOG.INFO: Client[113]:  [] []
[2023-05-30T16:55:10.678250+00:00] APP_LOG.INFO: Client[113]: sdsd [] []
[2023-05-30T16:56:39.747268+00:00] APP_LOG.INFO: Client disconnected: (113) [] []
[2023-05-30T16:56:39.987041+00:00] APP_LOG.INFO: New client connected: (125) [] []
[2023-05-30T16:56:46.813225+00:00] APP_LOG.INFO: Client disconnected: (125) [] []
[2023-05-30T16:56:47.061477+00:00] APP_LOG.INFO: New client connected: (131) [] []
[2023-05-30T16:57:17.135313+00:00] APP_LOG.INFO: Client disconnected: (131) [] []
[2023-05-30T16:57:17.363323+00:00] APP_LOG.INFO: New client connected: (137) [] []
[2023-05-30T17:02:33.314403+00:00] APP_LOG.INFO: Server started [] []
[2023-05-30T17:02:57.346889+00:00] APP_LOG.INFO: New client connected: (74) [] []
[2023-05-30T17:03:22.361663+00:00] APP_LOG.INFO: Client disconnected: (74) [] []
[2023-05-30T17:03:22.604685+00:00] APP_LOG.INFO: New client connected: (109) [] []
[2023-05-30T17:03:58.319933+00:00] APP_LOG.INFO: Client disconnected: (109) [] []
[2023-05-30T17:03:58.571446+00:00] APP_LOG.INFO: New client connected: (115) [] []
[2023-05-30T17:04:25.447950+00:00] APP_LOG.INFO: Client disconnected: (115) [] []
[2023-05-30T17:04:25.675130+00:00] APP_LOG.INFO: New client connected: (121) [] []
[2023-05-30T17:04:38.241966+00:00] APP_LOG.INFO: Client disconnected: (121) [] []
[2023-05-30T17:04:38.472424+00:00] APP_LOG.INFO: New client connected: (127) [] []
[2023-05-30T17:04:46.692211+00:00] APP_LOG.INFO: Client[127]: asdas [] []
[2023-05-30T17:04:50.399899+00:00] APP_LOG.INFO: Client[127]: asdas [] []
[2023-05-30T17:08:42.650221+00:00] APP_LOG.INFO: Server started [] []
[2023-05-30T17:08:48.137154+00:00] APP_LOG.INFO: New client connected: (74) [] []
[2023-05-30T17:08:51.617298+00:00] APP_LOG.INFO: Client[74]:  [] []
[2023-05-30T17:11:27.351508+00:00] APP_LOG.INFO: Server started [] []
[2023-05-30T17:11:29.537668+00:00] APP_LOG.INFO: New client connected: (74) [] []
[2023-05-30T17:11:31.814363+00:00] APP_LOG.INFO: Client[74]:  [] []
[2023-05-30T17:11:38.277897+00:00] APP_LOG.INFO: Client[74]: sdfsdf [] []
[2023-05-30T17:12:13.799507+00:00] APP_LOG.INFO: New client connected: (114) [] []
[2023-05-30T17:12:21.975453+00:00] APP_LOG.INFO: Client[74]: aaaaaa [] []
[2023-05-30T17:17:45.747041+00:00] APP_LOG.INFO: Client disconnected: (74) [] []
[2023-05-30T17:17:46.000689+00:00] APP_LOG.INFO: New client connected: (123) [] []
[2023-05-30T17:17:48.649573+00:00] APP_LOG.INFO: Client disconnected: (114) [] []
[2023-05-30T17:17:48.789263+00:00] APP_LOG.INFO: New client connected: (129) [] []
[2023-05-30T17:18:08.444222+00:00] APP_LOG.INFO: Client[123]: 1 [] []
[2023-05-30T17:21:21.351010+00:00] APP_LOG.INFO: Server started [] []
[2023-05-30T17:21:24.402448+00:00] APP_LOG.INFO: New client connected: (74) [] []
[2023-05-30T17:21:26.441179+00:00] APP_LOG.INFO: New client connected: (106) [] []
[2023-05-30T17:21:35.834966+00:00] APP_LOG.INFO: Client[74]: b1 [] []
[2023-05-30T17:21:57.238191+00:00] APP_LOG.INFO: Server started [] []
[2023-05-30T17:21:59.429641+00:00] APP_LOG.INFO: New client connected: (74) [] []
[2023-05-30T17:22:02.676110+00:00] APP_LOG.INFO: New client connected: (106) [] []
[2023-05-30T17:22:08.903412+00:00] APP_LOG.INFO: Client[106]: bb1 [] []
[2023-05-30T17:22:33.824413+00:00] APP_LOG.INFO: New client connected: (118) [] []
[2023-05-30T17:22:41.921345+00:00] APP_LOG.INFO: Client[118]: Uma mensagem do PC [] []
[2023-05-30T17:22:47.392622+00:00] APP_LOG.INFO: Client[118]: Uma mensagem do PC [] []
[2023-05-30T17:22:48.244383+00:00] APP_LOG.INFO: Client[118]: Uma mensagem do PC [] []
[2023-05-30T17:22:48.956368+00:00] APP_LOG.INFO: Client[118]: Uma mensagem do PC [] []
[2023-05-30T17:24:15.881483+00:00] APP_LOG.INFO: Client[106]: bb1 [] []
[2023-05-30T17:24:17.159609+00:00] APP_LOG.INFO: Client[106]: bb1 [] []
[2023-05-30T17:24:18.971730+00:00] APP_LOG.INFO: Client[106]: bb1 [] []
[2023-05-30T17:25:59.650006+00:00] APP_LOG.INFO: Client disconnected: (106) [] []
[2023-05-30T17:25:59.682531+00:00] APP_LOG.INFO: Client disconnected: (74) [] []
[2023-05-30T17:25:59.836460+00:00] APP_LOG.INFO: Client disconnected: (118) [] []
[2023-05-30T17:26:00.060200+00:00] APP_LOG.INFO: New client connected: (175) [] []
[2023-05-30T17:26:00.660459+00:00] APP_LOG.INFO: New client connected: (180) [] []
[2023-05-30T17:26:00.698195+00:00] APP_LOG.INFO: New client connected: (185) [] []
[2023-05-30T17:26:31.119904+00:00] APP_LOG.INFO: Client disconnected: (175) [] []
[2023-05-30T17:26:31.202947+00:00] APP_LOG.INFO: Client disconnected: (180) [] []
[2023-05-30T17:26:31.207691+00:00] APP_LOG.INFO: Client disconnected: (185) [] []
[2023-05-30T17:26:31.256326+00:00] APP_LOG.INFO: New client connected: (193) [] []
[2023-05-30T17:26:31.455136+00:00] APP_LOG.INFO: New client connected: (198) [] []
[2023-05-30T17:26:31.522457+00:00] APP_LOG.INFO: New client connected: (203) [] []
[2023-05-30T17:26:34.775774+00:00] APP_LOG.INFO: Client disconnected: (198) [] []
[2023-05-30T17:26:34.831095+00:00] APP_LOG.INFO: New client connected: (209) [] []
[2023-05-30T17:28:09.860062+00:00] APP_LOG.INFO: Client disconnected: (203) [] []
[2023-05-30T17:28:10.128736+00:00] APP_LOG.INFO: New client connected: (215) [] []
[2023-05-30T17:29:10.535227+00:00] APP_LOG.INFO: Client disconnected: (209) [] []
[2023-05-30T17:29:10.537409+00:00] APP_LOG.INFO: Client disconnected: (215) [] []
[2023-05-30T17:29:10.689723+00:00] APP_LOG.INFO: New client connected: (222) [] []
[2023-05-30T17:29:10.732883+00:00] APP_LOG.INFO: Client disconnected: (193) [] []
[2023-05-30T17:29:10.801913+00:00] APP_LOG.INFO: New client connected: (228) [] []
[2023-05-30T17:29:10.881049+00:00] APP_LOG.INFO: New client connected: (233) [] []
[2023-05-30T17:30:06.258732+00:00] APP_LOG.INFO: Client disconnected: (222) [] []
[2023-05-30T17:30:06.264120+00:00] APP_LOG.INFO: Client disconnected: (233) [] []
[2023-05-30T17:30:06.268730+00:00] APP_LOG.INFO: Client disconnected: (228) [] []
[2023-05-30T17:30:06.426964+00:00] APP_LOG.INFO: New client connected: (241) [] []
[2023-05-30T17:30:06.514194+00:00] APP_LOG.INFO: New client connected: (246) [] []
[2023-05-30T17:30:06.611163+00:00] APP_LOG.INFO: New client connected: (251) [] []
[2023-05-30T17:30:11.325986+00:00] APP_LOG.INFO: Client[251]:  [] []
[2023-05-30T17:30:16.834052+00:00] APP_LOG.INFO: Client[251]: asdas [] []
[2023-05-30T17:30:17.283302+00:00] APP_LOG.INFO: Client[251]: asdas [] []
[2023-05-30T17:30:20.523328+00:00] APP_LOG.INFO: Client disconnected: (251) [] []
[2023-05-30T17:30:20.801220+00:00] APP_LOG.INFO: New client connected: (278) [] []
[2023-05-30T17:31:09.077012+00:00] APP_LOG.INFO: Client disconnected: (246) [] []
[2023-05-30T17:31:09.079335+00:00] APP_LOG.INFO: Client disconnected: (278) [] []
[2023-05-30T17:31:09.311072+00:00] APP_LOG.INFO: New client connected: (285) [] []
[2023-05-30T17:31:09.373863+00:00] APP_LOG.INFO: Client disconnected: (241) [] []
[2023-05-30T17:31:09.428737+00:00] APP_LOG.INFO: New client connected: (291) [] []
[2023-05-30T17:31:09.506687+00:00] APP_LOG.INFO: New client connected: (296) [] []
[2023-05-30T17:31:56.748809+00:00] APP_LOG.INFO: Server started [] []
[2023-05-30T17:32:00.559357+00:00] APP_LOG.INFO: New client connected: (74) [] []
[2023-05-30T17:32:03.279878+00:00] APP_LOG.INFO: New client connected: (107) [] []
[2023-05-30T17:33:12.466553+00:00] APP_LOG.INFO: Server started [] []
[2023-05-30T17:33:16.310396+00:00] APP_LOG.INFO: New client connected: (74) [] []
[2023-05-30T17:33:19.139421+00:00] APP_LOG.INFO: New client connected: (107) [] []
[2023-05-30T17:33:28.895386+00:00] APP_LOG.INFO: New client connected: (115) [] []
[2023-05-30T17:33:42.991381+00:00] APP_LOG.INFO: Client[115]: Mensagem de texto para teste [] []
[2023-05-30T17:36:06.276719+00:00] APP_LOG.INFO: Client disconnected: (107) [] []
[2023-05-30T17:36:06.277448+00:00] APP_LOG.INFO: Client disconnected: (74) [] []
[2023-05-30T17:36:06.551922+00:00] APP_LOG.INFO: Client disconnected: (115) [] []
[2023-05-30T17:36:06.565881+00:00] APP_LOG.INFO: New client connected: (137) [] []
[2023-05-30T17:36:06.644156+00:00] APP_LOG.INFO: New client connected: (143) [] []
[2023-05-30T17:36:06.678060+00:00] APP_LOG.INFO: New client connected: (151) [] []
[2023-05-30T17:36:41.563090+00:00] APP_LOG.INFO: Client disconnected: (151) [] []
[2023-05-30T17:36:41.570994+00:00] APP_LOG.INFO: Client disconnected: (143) [] []
[2023-05-30T17:36:41.576241+00:00] APP_LOG.INFO: Client disconnected: (137) [] []
[2023-05-30T17:36:41.680519+00:00] APP_LOG.INFO: New client connected: (164) [] []
[2023-05-30T17:36:41.748397+00:00] APP_LOG.INFO: New client connected: (170) [] []
[2023-05-30T17:36:41.827305+00:00] APP_LOG.INFO: New client connected: (178) [] []
[2023-05-30T17:37:02.845090+00:00] APP_LOG.INFO: Client disconnected: (164) [] []
[2023-05-30T17:37:02.904009+00:00] APP_LOG.INFO: Client disconnected: (170) [] []
[2023-05-30T17:37:02.906939+00:00] APP_LOG.INFO: Client disconnected: (178) [] []
[2023-05-30T17:37:03.030132+00:00] APP_LOG.INFO: New client connected: (191) [] []
[2023-05-30T17:37:03.811242+00:00] APP_LOG.INFO: New client connected: (197) [] []
[2023-05-30T17:37:04.043889+00:00] APP_LOG.INFO: New client connected: (205) [] []
[2023-05-30T17:40:25.753361+00:00] APP_LOG.INFO: Client disconnected: (197) [] []
[2023-05-30T17:40:25.757705+00:00] APP_LOG.INFO: Client disconnected: (205) [] []
[2023-05-30T17:40:26.027392+00:00] APP_LOG.INFO: Client disconnected: (191) [] []
[2023-05-30T17:58:30.393945+00:00] APP_LOG.INFO: New client connected: (218) [] []
[2023-05-30T17:58:30.685636+00:00] APP_LOG.INFO: New client connected: (224) [] []
[2023-05-30T17:58:30.788894+00:00] APP_LOG.INFO: New client connected: (232) [] []
[2023-05-30T17:58:46.791442+00:00] APP_LOG.INFO: Client disconnected: (218) [] []
[2023-05-30T17:58:46.907393+00:00] APP_LOG.INFO: New client connected: (243) [] []
[2023-05-30T17:59:09.759947+00:00] APP_LOG.INFO: Client[224]: Uma mensagem do PC [] []
[2023-05-30T17:59:32.351497+00:00] APP_LOG.INFO: Client[232]: werwerwerwrew [] []
[2023-05-30T18:01:03.050287+00:00] APP_LOG.INFO: Client disconnected: (224) [] []
[2023-05-30T18:01:03.114001+00:00] APP_LOG.INFO: Client disconnected: (243) [] []
[2023-05-30T18:01:03.118240+00:00] APP_LOG.INFO: Client disconnected: (232) [] []
[2023-05-30T18:14:59.756246+00:00] APP_LOG.INFO: New client connected: (270) [] []
[2023-05-30T18:14:59.823331+00:00] APP_LOG.INFO: New client connected: (276) [] []
[2023-05-30T18:15:00.114841+00:00] APP_LOG.INFO: New client connected: (284) [] []
[2023-05-30T18:15:14.918758+00:00] APP_LOG.INFO: Client disconnected: (276) [] []
[2023-05-30T18:15:15.155415+00:00] APP_LOG.INFO: New client connected: (295) [] []
[2023-05-30T18:16:14.849885+00:00] APP_LOG.INFO: Client disconnected: (270) [] []
[2023-05-30T18:16:14.860824+00:00] APP_LOG.INFO: Client disconnected: (295) [] []
[2023-05-30T18:16:14.984753+00:00] APP_LOG.INFO: New client connected: (307) [] []
[2023-05-30T18:16:15.089421+00:00] APP_LOG.INFO: Client disconnected: (284) [] []
[2023-05-30T18:16:15.111702+00:00] APP_LOG.INFO: New client connected: (316) [] []
[2023-05-30T18:16:15.746102+00:00] APP_LOG.INFO: New client connected: (324) [] []
[2023-05-30T18:16:30.634721+00:00] APP_LOG.INFO: Client disconnected: (307) [] []
[2023-05-30T18:16:30.640560+00:00] APP_LOG.INFO: Client disconnected: (324) [] []
[2023-05-30T18:16:30.680708+00:00] APP_LOG.INFO: Client disconnected: (316) [] []
[2023-05-30T18:16:30.884370+00:00] APP_LOG.INFO: New client connected: (337) [] []
[2023-05-30T18:16:30.991152+00:00] APP_LOG.INFO: New client connected: (343) [] []
[2023-05-30T18:16:31.363034+00:00] APP_LOG.INFO: New client connected: (351) [] []
[2023-05-30T18:16:44.570978+00:00] APP_LOG.INFO: Client disconnected: (351) [] []
[2023-05-30T18:16:44.606008+00:00] APP_LOG.INFO: Client disconnected: (337) [] []
[2023-05-30T18:16:44.609087+00:00] APP_LOG.INFO: Client disconnected: (343) [] []
[2023-05-30T18:16:44.769907+00:00] APP_LOG.INFO: New client connected: (364) [] []
[2023-05-30T18:16:44.884223+00:00] APP_LOG.INFO: New client connected: (370) [] []
[2023-05-30T18:16:45.212465+00:00] APP_LOG.INFO: New client connected: (378) [] []
[2023-05-30T18:18:19.756333+00:00] APP_LOG.INFO: Client disconnected: (364) [] []
[2023-05-30T18:18:19.769510+00:00] APP_LOG.INFO: Client disconnected: (370) [] []
[2023-05-30T18:18:19.909978+00:00] APP_LOG.INFO: New client connected: (390) [] []
[2023-05-30T18:18:19.973430+00:00] APP_LOG.INFO: Client disconnected: (378) [] []
[2023-05-30T18:18:20.058299+00:00] APP_LOG.INFO: New client connected: (399) [] []
[2023-05-30T18:18:20.579404+00:00] APP_LOG.INFO: New client connected: (407) [] []
[2023-05-30T18:20:04.201374+00:00] APP_LOG.INFO: New client connected: (417) [] []
[2023-05-30T18:20:08.101417+00:00] APP_LOG.INFO: Client disconnected: (417) [] []
[2023-05-30T18:20:31.657068+00:00] APP_LOG.INFO: Client disconnected: (390) [] []
[2023-05-30T18:20:31.664424+00:00] APP_LOG.INFO: Client disconnected: (399) [] []
[2023-05-30T18:20:31.821812+00:00] APP_LOG.INFO: New client connected: (432) [] []
[2023-05-30T18:20:31.932991+00:00] APP_LOG.INFO: New client connected: (440) [] []
[2023-05-30T18:20:31.942525+00:00] APP_LOG.INFO: Client disconnected: (407) [] []
[2023-05-30T18:20:32.636436+00:00] APP_LOG.INFO: New client connected: (451) [] []
[2023-05-30T18:21:09.562720+00:00] APP_LOG.INFO: Client disconnected: (451) [] []
[2023-05-30T18:21:09.615634+00:00] APP_LOG.INFO: Client disconnected: (432) [] []
[2023-05-30T18:21:09.618097+00:00] APP_LOG.INFO: Client disconnected: (440) [] []
[2023-05-30T18:21:09.773356+00:00] APP_LOG.INFO: New client connected: (464) [] []
[2023-05-30T18:21:09.886190+00:00] APP_LOG.INFO: New client connected: (470) [] []
[2023-05-30T18:21:10.211030+00:00] APP_LOG.INFO: New client connected: (478) [] []
[2023-05-30T18:27:00.179518+00:00] APP_LOG.INFO: Client disconnected: (464) [] []
[2023-05-30T18:27:00.182170+00:00] APP_LOG.INFO: Client disconnected: (470) [] []
[2023-05-30T18:27:00.316950+00:00] APP_LOG.INFO: New client connected: (490) [] []
[2023-05-30T18:27:00.472786+00:00] APP_LOG.INFO: New client connected: (498) [] []
[2023-05-30T18:27:00.482695+00:00] APP_LOG.INFO: Client disconnected: (478) [] []
[2023-05-30T18:27:01.236145+00:00] APP_LOG.INFO: New client connected: (509) [] []
[2023-05-30T18:28:30.547210+00:00] APP_LOG.INFO: Client disconnected: (490) [] []
[2023-05-30T18:28:30.566629+00:00] APP_LOG.INFO: Client disconnected: (498) [] []
[2023-05-30T18:28:30.773252+00:00] APP_LOG.INFO: Client disconnected: (509) [] []
[2023-05-30T18:28:30.779032+00:00] APP_LOG.INFO: New client connected: (521) [] []
[2023-05-30T18:28:30.894578+00:00] APP_LOG.INFO: New client connected: (528) [] []
[2023-05-30T18:28:31.470850+00:00] APP_LOG.INFO: New client connected: (536) [] []
[2023-05-30T18:28:53.018209+00:00] APP_LOG.INFO: Client disconnected: (536) [] []
[2023-05-30T18:28:53.090789+00:00] APP_LOG.INFO: Client disconnected: (521) [] []
[2023-05-30T18:28:53.096609+00:00] APP_LOG.INFO: Client disconnected: (528) [] []
[2023-05-30T19:00:25.329950+00:00] APP_LOG.INFO: Server started [] []
[2023-05-30T19:06:52.529109+00:00] APP_LOG.INFO: New client connected: (74) [] []
[2023-05-30T19:06:52.650363+00:00] APP_LOG.INFO: New client connected: (107) [] []
[2023-05-30T19:06:52.803061+00:00] APP_LOG.INFO: New client connected: (115) [] []
